mode: set
secret-manager/docs/docs.go:483.13,485.2 1 0
secret-manager/main.go:21.13,25.16 2 0
secret-manager/main.go:25.16,27.3 1 0
secret-manager/main.go:29.2,30.16 2 0
secret-manager/main.go:30.16,32.3 1 0
secret-manager/main.go:34.2,35.16 2 0
secret-manager/main.go:35.16,37.3 1 0
secret-manager/main.go:39.2,40.16 2 0
secret-manager/main.go:40.16,42.3 1 0
secret-manager/pkg/v1/token/token.go:15.54,23.16 3 0
secret-manager/pkg/v1/token/token.go:23.16,25.3 1 0
secret-manager/pkg/v1/token/token.go:27.2,27.25 1 0
secret-manager/pkg/v1/token/token.go:30.64,31.83 1 0
secret-manager/pkg/v1/token/token.go:31.83,33.3 1 0
secret-manager/pkg/v1/token/token.go:35.2,35.16 1 0
secret-manager/pkg/v1/token/token.go:35.16,37.3 1 0
secret-manager/pkg/v1/token/token.go:39.2,39.18 1 0
secret-manager/pkg/v1/token/token.go:39.18,41.3 1 0
secret-manager/pkg/v1/token/token.go:43.2,44.9 2 0
secret-manager/pkg/v1/token/token.go:44.9,46.3 1 0
secret-manager/pkg/v1/token/token.go:48.2,48.20 1 0
secret-manager/pkg/v1/token/token.go:51.37,53.40 2 0
secret-manager/pkg/v1/token/token.go:53.40,55.3 1 0
secret-manager/pkg/v1/token/token.go:57.2,57.30 1 0
secret-manager/pkg/v1/token/token.go:60.74,62.16 2 0
secret-manager/pkg/v1/token/token.go:62.16,64.3 1 0
secret-manager/pkg/v1/token/token.go:66.2,66.24 1 0
secret-manager/pkg/v1/middleware/middleware.go:21.42,22.32 1 0
secret-manager/pkg/v1/middleware/middleware.go:22.32,24.27 2 0
secret-manager/pkg/v1/middleware/middleware.go:24.27,27.4 2 0
secret-manager/pkg/v1/middleware/middleware.go:29.3,30.22 2 0
secret-manager/pkg/v1/middleware/middleware.go:30.22,34.4 2 0
secret-manager/pkg/v1/middleware/middleware.go:36.3,37.51 2 0
secret-manager/pkg/v1/middleware/middleware.go:37.51,41.4 3 0
secret-manager/pkg/v1/middleware/middleware.go:43.3,45.17 3 0
secret-manager/pkg/v1/middleware/middleware.go:45.17,48.4 2 0
secret-manager/pkg/v1/middleware/middleware.go:50.3,50.44 1 0
secret-manager/pkg/v1/middleware/middleware.go:55.63,56.32 1 0
secret-manager/pkg/v1/middleware/middleware.go:56.32,59.27 2 0
secret-manager/pkg/v1/middleware/middleware.go:59.27,62.4 2 0
secret-manager/pkg/v1/middleware/middleware.go:64.3,65.22 2 0
secret-manager/pkg/v1/middleware/middleware.go:65.22,69.4 2 0
secret-manager/pkg/v1/middleware/middleware.go:71.3,72.51 2 0
secret-manager/pkg/v1/middleware/middleware.go:72.51,76.4 3 0
secret-manager/pkg/v1/middleware/middleware.go:78.3,80.17 3 0
secret-manager/pkg/v1/middleware/middleware.go:80.17,83.4 2 0
secret-manager/pkg/v1/middleware/middleware.go:85.3,86.13 2 0
secret-manager/pkg/v1/service/client_service.go:28.59,31.16 2 0
secret-manager/pkg/v1/service/client_service.go:31.16,34.3 2 0
secret-manager/pkg/v1/service/client_service.go:37.2,38.12 2 0
secret-manager/pkg/v1/service/client_service.go:38.12,40.3 1 0
secret-manager/pkg/v1/service/client_service.go:43.2,53.16 3 0
secret-manager/pkg/v1/service/client_service.go:53.16,56.3 2 0
secret-manager/pkg/v1/service/client_service.go:60.2,67.16 3 0
secret-manager/pkg/v1/service/client_service.go:67.16,70.3 2 0
secret-manager/pkg/v1/service/client_service.go:74.2,74.12 1 0
secret-manager/pkg/v1/service/client_service.go:78.66,81.16 2 0
secret-manager/pkg/v1/service/client_service.go:81.16,84.3 2 0
secret-manager/pkg/v1/service/client_service.go:87.2,88.35 2 0
secret-manager/pkg/v1/service/client_service.go:88.35,90.3 1 0
secret-manager/pkg/v1/service/client_service.go:93.2,98.16 4 0
secret-manager/pkg/v1/service/client_service.go:98.16,100.3 1 0
secret-manager/pkg/v1/service/client_service.go:103.2,106.16 2 0
secret-manager/pkg/v1/service/client_service.go:106.16,109.3 2 0
secret-manager/pkg/v1/service/client_service.go:111.2,111.12 1 0
secret-manager/pkg/v1/service/client_service.go:115.65,121.16 3 0
secret-manager/pkg/v1/service/client_service.go:121.16,123.3 1 0
secret-manager/pkg/v1/service/client_service.go:125.2,125.34 1 0
secret-manager/pkg/v1/service/client_service.go:135.124,138.16 2 0
secret-manager/pkg/v1/service/client_service.go:138.16,141.3 2 0
secret-manager/pkg/v1/service/client_service.go:144.2,148.16 4 0
secret-manager/pkg/v1/service/client_service.go:148.16,151.3 2 0
secret-manager/pkg/v1/service/client_service.go:153.2,157.31 3 0
secret-manager/pkg/v1/service/client_service.go:157.31,159.3 1 0
secret-manager/pkg/v1/service/client_service.go:161.2,162.68 2 0
secret-manager/pkg/v1/service/client_service.go:162.68,164.3 1 0
secret-manager/pkg/v1/service/client_service.go:167.2,172.17 2 0
secret-manager/pkg/v1/service/client_service.go:172.17,174.3 1 0
secret-manager/pkg/v1/service/client_service.go:177.2,179.32 2 0
secret-manager/pkg/v1/service/client_service.go:179.32,181.17 2 0
secret-manager/pkg/v1/service/client_service.go:181.17,184.4 2 0
secret-manager/pkg/v1/service/client_service.go:186.3,188.25 3 0
secret-manager/pkg/v1/service/client_service.go:188.25,189.9 1 0
secret-manager/pkg/v1/service/client_service.go:193.2,193.38 1 0
secret-manager/pkg/v1/service/client_service.go:196.45,205.24 2 0
secret-manager/pkg/v1/service/client_service.go:205.24,207.3 1 0
secret-manager/pkg/v1/service/client_service.go:209.2,209.32 1 0
secret-manager/pkg/v1/service/client_service.go:209.32,210.10 1 0
secret-manager/pkg/v1/service/client_service.go:211.30,212.19 1 0
secret-manager/pkg/v1/service/client_service.go:213.30,214.19 1 0
secret-manager/pkg/v1/service/client_service.go:215.30,216.20 1 0
secret-manager/pkg/v1/service/client_service.go:217.56,218.21 1 0
secret-manager/pkg/v1/service/client_service.go:222.2,222.69 1 0
secret-manager/pkg/v1/service/secret_service.go:21.75,24.16 2 0
secret-manager/pkg/v1/service/secret_service.go:24.16,27.3 2 0
secret-manager/pkg/v1/service/secret_service.go:30.2,40.16 3 0
secret-manager/pkg/v1/service/secret_service.go:40.16,43.3 2 0
secret-manager/pkg/v1/service/secret_service.go:45.2,45.12 1 0
secret-manager/pkg/v1/service/secret_service.go:49.93,52.16 2 0
secret-manager/pkg/v1/service/secret_service.go:52.16,55.3 2 0
secret-manager/pkg/v1/service/secret_service.go:58.2,61.16 3 0
secret-manager/pkg/v1/service/secret_service.go:61.16,64.3 2 0
secret-manager/pkg/v1/service/secret_service.go:66.2,66.12 1 0
secret-manager/pkg/v1/service/secret_service.go:70.62,73.16 2 0
secret-manager/pkg/v1/service/secret_service.go:73.16,76.3 2 0
secret-manager/pkg/v1/service/secret_service.go:79.2,80.16 2 0
secret-manager/pkg/v1/service/secret_service.go:80.16,83.3 2 0
secret-manager/pkg/v1/service/secret_service.go:85.2,85.12 1 0
secret-manager/pkg/v1/service/secret_service.go:89.81,92.16 2 0
secret-manager/pkg/v1/service/secret_service.go:92.16,95.3 2 0
secret-manager/pkg/v1/service/secret_service.go:97.2,97.25 1 0
secret-manager/pkg/v1/service/service.go:16.56,20.2 1 0
secret-manager/pkg/v1/service/service.go:22.52,26.16 4 0
secret-manager/pkg/v1/service/service.go:26.16,28.3 1 0
secret-manager/pkg/v1/service/service.go:30.2,31.23 2 0
secret-manager/docs/docs.go:483.13,485.2 1 1
secret-manager/pkg/v1/controller/controller.go:15.59,21.2 5 0
secret-manager/pkg/v1/controller/controller.go:23.51,24.19 1 0
secret-manager/pkg/v1/controller/controller.go:24.19,26.3 1 0
secret-manager/pkg/v1/controller/controller.go:28.2,28.55 1 0
secret-manager/pkg/v1/controller/createSecret.go:24.58,26.49 2 1
secret-manager/pkg/v1/controller/createSecret.go:26.49,29.3 2 1
secret-manager/pkg/v1/controller/createSecret.go:31.2,31.50 1 1
secret-manager/pkg/v1/controller/createSecret.go:31.50,34.3 2 1
secret-manager/pkg/v1/controller/createSecret.go:36.2,37.13 2 1
secret-manager/pkg/v1/controller/createSecret.go:37.13,40.3 2 1
secret-manager/pkg/v1/controller/createSecret.go:42.2,43.16 2 1
secret-manager/pkg/v1/controller/createSecret.go:43.16,46.3 2 1
secret-manager/pkg/v1/controller/createSecret.go:48.2,48.91 1 1
secret-manager/pkg/v1/controller/deleteSecret.go:23.58,25.15 2 1
secret-manager/pkg/v1/controller/deleteSecret.go:25.15,28.3 2 0
secret-manager/pkg/v1/controller/deleteSecret.go:30.2,31.13 2 1
secret-manager/pkg/v1/controller/deleteSecret.go:31.13,34.3 2 1
secret-manager/pkg/v1/controller/deleteSecret.go:36.2,37.16 2 1
secret-manager/pkg/v1/controller/deleteSecret.go:37.16,40.3 2 1
secret-manager/pkg/v1/controller/deleteSecret.go:42.2,42.91 1 1
secret-manager/pkg/v1/controller/listSecrets.go:26.50,28.13 2 1
secret-manager/pkg/v1/controller/listSecrets.go:28.13,31.3 2 1
secret-manager/pkg/v1/controller/listSecrets.go:36.2,37.16 2 1
secret-manager/pkg/v1/controller/listSecrets.go:37.16,40.3 2 1
secret-manager/pkg/v1/controller/listSecrets.go:43.2,44.28 2 1
secret-manager/pkg/v1/controller/listSecrets.go:44.28,46.3 1 0
secret-manager/pkg/v1/controller/listSecrets.go:47.2,48.70 2 1
secret-manager/pkg/v1/controller/listSecrets.go:48.70,50.3 1 0
secret-manager/pkg/v1/controller/listSecrets.go:52.2,60.37 2 1
secret-manager/pkg/v1/controller/listSecrets.go:60.37,63.3 1 1
secret-manager/pkg/v1/controller/listSecrets.go:65.2,65.35 1 1
secret-manager/pkg/v1/controller/login.go:23.51,25.46 2 1
secret-manager/pkg/v1/controller/login.go:25.46,28.3 2 1
secret-manager/pkg/v1/controller/login.go:30.2,30.52 1 1
secret-manager/pkg/v1/controller/login.go:30.52,33.3 2 1
secret-manager/pkg/v1/controller/login.go:43.2,44.17 2 1
secret-manager/pkg/v1/controller/login.go:44.17,47.3 2 0
secret-manager/pkg/v1/controller/login.go:49.2,50.16 2 1
secret-manager/pkg/v1/controller/login.go:50.16,53.3 2 1
secret-manager/pkg/v1/controller/login.go:55.2,55.63 1 1
secret-manager/pkg/v1/controller/register.go:22.54,24.46 2 1
secret-manager/pkg/v1/controller/register.go:24.46,27.3 2 1
secret-manager/pkg/v1/controller/register.go:29.2,29.52 1 1
secret-manager/pkg/v1/controller/register.go:29.52,32.3 2 1
secret-manager/pkg/v1/controller/register.go:35.2,36.16 2 1
secret-manager/pkg/v1/controller/register.go:36.16,39.3 2 1
secret-manager/pkg/v1/controller/register.go:41.2,41.89 1 1
secret-manager/pkg/v1/controller/routes.go:15.37,23.2 6 1
secret-manager/pkg/v1/controller/routes.go:25.65,29.2 3 1
secret-manager/pkg/v1/controller/routes.go:31.64,37.2 5 1
secret-manager/pkg/v1/controller/routes.go:46.50,48.2 1 0
secret-manager/pkg/v1/controller/routes.go:50.38,52.20 2 1
secret-manager/pkg/v1/controller/routes.go:52.20,54.3 1 1
secret-manager/pkg/v1/controller/routes.go:55.2,56.20 2 1
secret-manager/pkg/v1/controller/routes.go:56.20,58.3 1 1
secret-manager/pkg/v1/controller/routes.go:59.2,62.82 4 1
secret-manager/pkg/v1/controller/updateSecret.go:25.58,27.49 2 1
secret-manager/pkg/v1/controller/updateSecret.go:27.49,30.3 2 1
secret-manager/pkg/v1/controller/updateSecret.go:32.2,33.40 2 1
secret-manager/pkg/v1/controller/updateSecret.go:33.40,36.3 2 1
secret-manager/pkg/v1/controller/updateSecret.go:38.2,39.13 2 1
secret-manager/pkg/v1/controller/updateSecret.go:39.13,42.3 2 1
secret-manager/pkg/v1/controller/updateSecret.go:44.2,45.16 2 1
secret-manager/pkg/v1/controller/updateSecret.go:45.16,48.3 2 1
secret-manager/pkg/v1/controller/updateSecret.go:50.2,50.91 1 1
secret-manager/pkg/v1/controller/viewSecret.go:23.56,25.15 2 1
secret-manager/pkg/v1/controller/viewSecret.go:25.15,28.3 2 0
secret-manager/pkg/v1/controller/viewSecret.go:30.2,31.13 2 1
secret-manager/pkg/v1/controller/viewSecret.go:31.13,34.3 2 1
secret-manager/pkg/v1/controller/viewSecret.go:36.2,37.16 2 1
secret-manager/pkg/v1/controller/viewSecret.go:37.16,40.3 2 1
secret-manager/pkg/v1/controller/viewSecret.go:42.2,43.31 2 1
secret-manager/pkg/v1/controller/viewSecret.go:43.31,45.3 1 1
secret-manager/pkg/v1/controller/viewSecret.go:47.2,47.36 1 1
secret-manager/pkg/v1/middleware/middleware.go:21.42,22.32 1 0
secret-manager/pkg/v1/middleware/middleware.go:22.32,24.27 2 0
secret-manager/pkg/v1/middleware/middleware.go:24.27,27.4 2 0
secret-manager/pkg/v1/middleware/middleware.go:29.3,30.22 2 0
secret-manager/pkg/v1/middleware/middleware.go:30.22,34.4 2 0
secret-manager/pkg/v1/middleware/middleware.go:36.3,37.51 2 0
secret-manager/pkg/v1/middleware/middleware.go:37.51,41.4 3 0
secret-manager/pkg/v1/middleware/middleware.go:43.3,45.17 3 0
secret-manager/pkg/v1/middleware/middleware.go:45.17,48.4 2 0
secret-manager/pkg/v1/middleware/middleware.go:50.3,50.44 1 0
secret-manager/pkg/v1/middleware/middleware.go:55.63,56.32 1 1
secret-manager/pkg/v1/middleware/middleware.go:56.32,59.27 2 0
secret-manager/pkg/v1/middleware/middleware.go:59.27,62.4 2 0
secret-manager/pkg/v1/middleware/middleware.go:64.3,65.22 2 0
secret-manager/pkg/v1/middleware/middleware.go:65.22,69.4 2 0
secret-manager/pkg/v1/middleware/middleware.go:71.3,72.51 2 0
secret-manager/pkg/v1/middleware/middleware.go:72.51,76.4 3 0
secret-manager/pkg/v1/middleware/middleware.go:78.3,80.17 3 0
secret-manager/pkg/v1/middleware/middleware.go:80.17,83.4 2 0
secret-manager/pkg/v1/middleware/middleware.go:85.3,86.13 2 0
secret-manager/pkg/v1/service/client_service.go:28.59,31.16 2 0
secret-manager/pkg/v1/service/client_service.go:31.16,34.3 2 0
secret-manager/pkg/v1/service/client_service.go:37.2,38.12 2 0
secret-manager/pkg/v1/service/client_service.go:38.12,40.3 1 0
secret-manager/pkg/v1/service/client_service.go:43.2,53.16 3 0
secret-manager/pkg/v1/service/client_service.go:53.16,56.3 2 0
secret-manager/pkg/v1/service/client_service.go:60.2,67.16 3 0
secret-manager/pkg/v1/service/client_service.go:67.16,70.3 2 0
secret-manager/pkg/v1/service/client_service.go:74.2,74.12 1 0
secret-manager/pkg/v1/service/client_service.go:78.66,81.16 2 0
secret-manager/pkg/v1/service/client_service.go:81.16,84.3 2 0
secret-manager/pkg/v1/service/client_service.go:87.2,88.35 2 0
secret-manager/pkg/v1/service/client_service.go:88.35,90.3 1 0
secret-manager/pkg/v1/service/client_service.go:93.2,98.16 4 0
secret-manager/pkg/v1/service/client_service.go:98.16,100.3 1 0
secret-manager/pkg/v1/service/client_service.go:103.2,106.16 2 0
secret-manager/pkg/v1/service/client_service.go:106.16,109.3 2 0
secret-manager/pkg/v1/service/client_service.go:111.2,111.12 1 0
secret-manager/pkg/v1/service/client_service.go:115.65,121.16 3 0
secret-manager/pkg/v1/service/client_service.go:121.16,123.3 1 0
secret-manager/pkg/v1/service/client_service.go:125.2,125.34 1 0
secret-manager/pkg/v1/service/client_service.go:135.124,138.16 2 0
secret-manager/pkg/v1/service/client_service.go:138.16,141.3 2 0
secret-manager/pkg/v1/service/client_service.go:144.2,148.16 4 0
secret-manager/pkg/v1/service/client_service.go:148.16,151.3 2 0
secret-manager/pkg/v1/service/client_service.go:153.2,157.31 3 0
secret-manager/pkg/v1/service/client_service.go:157.31,159.3 1 0
secret-manager/pkg/v1/service/client_service.go:161.2,162.68 2 0
secret-manager/pkg/v1/service/client_service.go:162.68,164.3 1 0
secret-manager/pkg/v1/service/client_service.go:167.2,172.17 2 0
secret-manager/pkg/v1/service/client_service.go:172.17,174.3 1 0
secret-manager/pkg/v1/service/client_service.go:177.2,179.32 2 0
secret-manager/pkg/v1/service/client_service.go:179.32,181.17 2 0
secret-manager/pkg/v1/service/client_service.go:181.17,184.4 2 0
secret-manager/pkg/v1/service/client_service.go:186.3,188.25 3 0
secret-manager/pkg/v1/service/client_service.go:188.25,189.9 1 0
secret-manager/pkg/v1/service/client_service.go:193.2,193.38 1 0
secret-manager/pkg/v1/service/client_service.go:196.45,205.24 2 0
secret-manager/pkg/v1/service/client_service.go:205.24,207.3 1 0
secret-manager/pkg/v1/service/client_service.go:209.2,209.32 1 0
secret-manager/pkg/v1/service/client_service.go:209.32,210.10 1 0
secret-manager/pkg/v1/service/client_service.go:211.30,212.19 1 0
secret-manager/pkg/v1/service/client_service.go:213.30,214.19 1 0
secret-manager/pkg/v1/service/client_service.go:215.30,216.20 1 0
secret-manager/pkg/v1/service/client_service.go:217.56,218.21 1 0
secret-manager/pkg/v1/service/client_service.go:222.2,222.69 1 0
secret-manager/pkg/v1/service/secret_service.go:21.75,24.16 2 0
secret-manager/pkg/v1/service/secret_service.go:24.16,27.3 2 0
secret-manager/pkg/v1/service/secret_service.go:30.2,40.16 3 0
secret-manager/pkg/v1/service/secret_service.go:40.16,43.3 2 0
secret-manager/pkg/v1/service/secret_service.go:45.2,45.12 1 0
secret-manager/pkg/v1/service/secret_service.go:49.93,52.16 2 0
secret-manager/pkg/v1/service/secret_service.go:52.16,55.3 2 0
secret-manager/pkg/v1/service/secret_service.go:58.2,61.16 3 0
secret-manager/pkg/v1/service/secret_service.go:61.16,64.3 2 0
secret-manager/pkg/v1/service/secret_service.go:66.2,66.12 1 0
secret-manager/pkg/v1/service/secret_service.go:70.62,73.16 2 0
secret-manager/pkg/v1/service/secret_service.go:73.16,76.3 2 0
secret-manager/pkg/v1/service/secret_service.go:79.2,80.16 2 0
secret-manager/pkg/v1/service/secret_service.go:80.16,83.3 2 0
secret-manager/pkg/v1/service/secret_service.go:85.2,85.12 1 0
secret-manager/pkg/v1/service/secret_service.go:89.81,92.16 2 0
secret-manager/pkg/v1/service/secret_service.go:92.16,95.3 2 0
secret-manager/pkg/v1/service/secret_service.go:97.2,97.25 1 0
secret-manager/pkg/v1/service/service.go:16.56,20.2 1 0
secret-manager/pkg/v1/service/service.go:22.52,26.16 4 0
secret-manager/pkg/v1/service/service.go:26.16,28.3 1 0
secret-manager/pkg/v1/service/service.go:30.2,31.23 2 0
secret-manager/pkg/v1/token/token.go:15.54,23.16 3 0
secret-manager/pkg/v1/token/token.go:23.16,25.3 1 0
secret-manager/pkg/v1/token/token.go:27.2,27.25 1 0
secret-manager/pkg/v1/token/token.go:30.64,31.83 1 0
secret-manager/pkg/v1/token/token.go:31.83,33.3 1 0
secret-manager/pkg/v1/token/token.go:35.2,35.16 1 0
secret-manager/pkg/v1/token/token.go:35.16,37.3 1 0
secret-manager/pkg/v1/token/token.go:39.2,39.18 1 0
secret-manager/pkg/v1/token/token.go:39.18,41.3 1 0
secret-manager/pkg/v1/token/token.go:43.2,44.9 2 0
secret-manager/pkg/v1/token/token.go:44.9,46.3 1 0
secret-manager/pkg/v1/token/token.go:48.2,48.20 1 0
secret-manager/pkg/v1/token/token.go:51.37,53.40 2 1
secret-manager/pkg/v1/token/token.go:53.40,55.3 1 0
secret-manager/pkg/v1/token/token.go:57.2,57.30 1 1
secret-manager/pkg/v1/token/token.go:60.74,62.16 2 0
secret-manager/pkg/v1/token/token.go:62.16,64.3 1 0
secret-manager/pkg/v1/token/token.go:66.2,66.24 1 0
